# --- 微信 WeChat 全家桶 ---
DOMAIN-SUFFIX,weixin.qq.com
DOMAIN-SUFFIX,wx.qq.com
DOMAIN-SUFFIX,wechat.com
DOMAIN-SUFFIX,weixin.com
DOMAIN-SUFFIX,servicewechat.com
DOMAIN-SUFFIX,wechatpay.com
DOMAIN-SUFFIX,wechatapp.com
DOMAIN-SUFFIX,wxapp.tc.qq.com
DOMAIN-SUFFIX,vweixinthumb.tc.qq.com
DOMAIN-SUFFIX,weixinsxy.com
DOMAIN-SUFFIX,qlogo.cn
DOMAIN-SUFFIX,qpic.cn
DOMAIN-SUFFIX,cdn.weixin.qq.com
DOMAIN-SUFFIX,res.wx.qq.com
DOMAIN-SUFFIX,mp.weixin.qq.com
DOMAIN-SUFFIX,sogoucdn.com
DOMAIN-SUFFIX,sogou.com
DOMAIN,snsvideo.c2c.wechat.com
DOMAIN,socwxsns.video.qq.com
DOMAIN,voice.weixin.qq.com
DOMAIN,voip.weixin.qq.com
DOMAIN-SUFFIX,wxs.qq.com
DOMAIN-SUFFIX,video.qq.com

# --- QQ & QQ邮箱 ---
DOMAIN-SUFFIX,qq.com
DOMAIN-SUFFIX,myqq.com
DOMAIN-SUFFIX,mail.qq.com
DOMAIN-SUFFIX,foxmail.com
DOMAIN-SUFFIX,foxmail.cn
DOMAIN-SUFFIX,imqq.com
DOMAIN-SUFFIX,paipai.com
DOMAIN-SUFFIX,paipaiimg.com
DOMAIN-SUFFIX,ptlogin2.qq.com
DOMAIN-SUFFIX,ptlogin.qq.com
DOMAIN-SUFFIX,ptlogin2.weiyun.com
DOMAIN-SUFFIX,weiyun.com
DOMAIN-SUFFIX,web2.qq.com
DOMAIN-SUFFIX,qun.qq.com
DOMAIN-SUFFIX,mail.qq.com
DOMAIN-SUFFIX,mail.qzone.qq.com

# --- 腾讯视频（Tencent Video） ---
DOMAIN-SUFFIX,qq.com
DOMAIN-SUFFIX,v.qq.com
DOMAIN-SUFFIX,video.qq.com
DOMAIN-SUFFIX,vv.video.qq.com
DOMAIN-SUFFIX,v.smtcdns.com
DOMAIN-SUFFIX,live.qq.com
DOMAIN-SUFFIX,vod.qq.com
DOMAIN-SUFFIX,vstat.v.qq.com

# --- 腾讯文档（腾讯在线协作/会议/企业服务） ---
DOMAIN-SUFFIX,docs.qq.com
DOMAIN-SUFFIX,doc.weixin.qq.com
DOMAIN-SUFFIX,meeting.tencent.com
DOMAIN-SUFFIX,office.qq.com
DOMAIN-SUFFIX,kg.qq.com
DOMAIN-SUFFIX,cloud.tencent.com
DOMAIN-SUFFIX,work.weixin.qq.com

# --- 腾讯云相关 ---
DOMAIN-SUFFIX,tencent.com
DOMAIN-SUFFIX,cloud.tencent.com
DOMAIN-SUFFIX,qcloud.com
DOMAIN-SUFFIX,cdn.qcloud.com
DOMAIN-SUFFIX,static.qcloud.com

# --- 腾讯安全及帐号服务 ---
DOMAIN-SUFFIX,safe.qq.com
DOMAIN-SUFFIX,b.qq.com
DOMAIN-SUFFIX,support.qq.com
DOMAIN-SUFFIX,tenpay.com
DOMAIN-SUFFIX,tenpay.cn
DOMAIN-SUFFIX,tenpay.com.cn
DOMAIN-SUFFIX,tenpay.com.hk
DOMAIN-SUFFIX,tencentmind.com
DOMAIN-SUFFIX,tencentmind.hk

# --- 腾讯音乐娱乐/酷狗/酷我/全民K歌 ---
DOMAIN-SUFFIX,kg.qq.com
DOMAIN-SUFFIX,y.qq.com
DOMAIN-SUFFIX,kuwo.cn
DOMAIN-SUFFIX,kuwo.com
DOMAIN-SUFFIX,kuwo.cn
DOMAIN-SUFFIX,kugou.com
DOMAIN-SUFFIX,qqmusic.qq.com
DOMAIN-SUFFIX,qqmusic.com

# --- 其它常见腾讯系产品 ---
DOMAIN-SUFFIX,news.qq.com
DOMAIN-SUFFIX,qzone.qq.com
DOMAIN-SUFFIX,qlogo.cn
DOMAIN-SUFFIX,qpic.cn
DOMAIN-SUFFIX,gdt.qq.com
DOMAIN-SUFFIX,sng.qq.com
DOMAIN-SUFFIX,game.qq.com
DOMAIN-SUFFIX,gamesafe.qq.com
DOMAIN-SUFFIX,ti.qq.com
DOMAIN-SUFFIX,tencentmind.com

# --- 腾讯CDN和文件存储、短视频 ---
DOMAIN-SUFFIX,cdn.qq.com
DOMAIN-SUFFIX,cdn-go.cn
DOMAIN-SUFFIX,cdn-go.com
DOMAIN-SUFFIX,sharechain.qq.com
DOMAIN-SUFFIX,docs.qq.com

# --- 常见腾讯App进程名（部分平台支持）---
PROCESS-NAME,WeChat
PROCESS-NAME,Wechat
PROCESS-NAME,QQ
PROCESS-NAME,QQMusic
PROCESS-NAME,QQBrowser

# --- 常见腾讯IP段（可选补全，实际不是所有节点都必须）---
IP-CIDR,101.32.0.0/16
IP-CIDR,129.226.0.0/16
IP-CIDR,183.3.0.0/16
IP-CIDR,183.60.0.0/16
IP-CIDR,203.205.128.0/19
IP-CIDR,203.205.192.0/19
IP-CIDR,203.205.216.0/22

# Bilibili（哔哩哔哩）全功能回国代理推荐规则
USER-AGENT,bili*
USER-AGENT,bili-inter*
DOMAIN-SUFFIX,acg.tv
DOMAIN-SUFFIX,acgvideo.com
DOMAIN-SUFFIX,b23.tv
DOMAIN-SUFFIX,bilibili.com
DOMAIN-SUFFIX,bilibili.tv
DOMAIN-SUFFIX,biliapi.net
DOMAIN-SUFFIX,biliapi.com
DOMAIN-SUFFIX,bilivideo.com
DOMAIN-SUFFIX,bilivideo.cn
DOMAIN-SUFFIX,biliimg.com
DOMAIN-SUFFIX,hdslb.com
DOMAIN-SUFFIX,bili2.com
DOMAIN-SUFFIX,live.bilibili.com
DOMAIN-SUFFIX,live-open.bilibili.com
DOMAIN-SUFFIX,chat.bilibili.com
DOMAIN-SUFFIX,api.bilibili.com
DOMAIN-SUFFIX,api.bilibili.cn
DOMAIN-SUFFIX,biligame.com
DOMAIN-SUFFIX,biligame.net
DOMAIN-SUFFIX,im9.com
DOMAIN-SUFFIX,smtcdns.com
DOMAIN-SUFFIX,overseas.hdslb.com
DOMAIN-SUFFIX,message.bilibili.com
DOMAIN-SUFFIX,passport.bilibili.com
DOMAIN-SUFFIX,account.bilibili.com
DOMAIN,upos-hz-mirrorakam.akamaized.net
DOMAIN,apiintl.biliapi.net

# 爱奇艺 iQIYI 全功能/全终端 回国访问推荐规则（含App进程名兜底）

# App 进程名兜底（iOS/Android/PC等常见爱奇艺进程名）
PROCESS-NAME,iQIYI
PROCESS-NAME,QYPlayer

# App UA（安卓/苹果/国际通用）
USER-AGENT,iQIYI*
USER-AGENT,QYPlayer*

# 爱奇艺主站/内容/接口
DOMAIN-SUFFIX,iqiyi.com
DOMAIN-SUFFIX,iqiyipic.com
DOMAIN-SUFFIX,iqiyipic.net
DOMAIN-SUFFIX,pps.tv
DOMAIN-SUFFIX,qiyi.com
DOMAIN-SUFFIX,api.iqiyi.com
DOMAIN-SUFFIX,paopao.iqiyi.com
DOMAIN-SUFFIX,static.iqiyi.com
DOMAIN-SUFFIX,cupid.iqiyi.com
DOMAIN-SUFFIX,msg.qy.net
DOMAIN-SUFFIX,passport.iqiyi.com
DOMAIN-SUFFIX,emoticon.sns.iqiyi.com
DOMAIN-SUFFIX,cache.video.iqiyi.com
DOMAIN-SUFFIX,video.iqiyi.com
DOMAIN-SUFFIX,data.video.iqiyi.com
DOMAIN-SUFFIX,mbdlog.iqiyi.com
DOMAIN-SUFFIX,ifacelog.iqiyi.com

# 重要的主内容CDN与API
DOMAIN,intel-cache.m.iqiyi.com
DOMAIN,intel-cache.video.iqiyi.com

# 国际版与全球CDN
DOMAIN,intl-rcd.iqiyi.com
DOMAIN,intl-subscription.iqiyi.com
DOMAIN-SUFFIX,inter.iqiyi.com
DOMAIN-SUFFIX,inter.ptqy.gitv.tv
DOMAIN-SUFFIX,intl.iqiyi.com
DOMAIN-SUFFIX,iq.com
URL-REGEX,^https?:\/\/int[\w-\.]+iqiyi\.com

# 重要的Gitv（奇艺部分内容源/投屏/广电合作）
DOMAIN-SUFFIX,gitv.tv
DOMAIN-SUFFIX,ptqy.gitv.tv

# 缓存/静态/大文件下载
DOMAIN-SUFFIX,cache.m.iqiyi.com
DOMAIN-SUFFIX,cache.video.iqiyi.com
DOMAIN-SUFFIX,paopao.iqiyi.com

# 账号/支付/广告/推荐系统
DOMAIN-SUFFIX,passport.iqiyi.com
DOMAIN-SUFFIX,subscription.iqiyi.com
DOMAIN-SUFFIX,notice.iqiyi.com
DOMAIN-SUFFIX,ad.iqiyi.com
DOMAIN-SUFFIX,ads.iqiyi.com
DOMAIN-SUFFIX,adv.iqiyi.com
DOMAIN-SUFFIX,puma.iqiyi.com
DOMAIN-SUFFIX,analytics.iqiyi.com
DOMAIN-SUFFIX,cloud.iqiyi.com
DOMAIN-SUFFIX,openapi.iqiyi.com

# CDN/弹幕/互动
DOMAIN-SUFFIX,cdn.iqiyi.com
DOMAIN-SUFFIX,barrage.iqiyi.com
DOMAIN-SUFFIX,danmu.iqiyi.com
DOMAIN-SUFFIX,comments.iqiyi.com

# IP段补充（大陆与国际常用）
IP-CIDR,103.44.56.0/22,no-resolve
IP-CIDR,118.26.120.0/24,no-resolve
IP-CIDR,118.26.32.0/23,no-resolve
IP-CIDR,223.119.62.225/28,no-resolve
IP-CIDR,23.40.241.251/32,no-resolve
IP-CIDR,23.40.242.10/32,no-resolve
# 爱奇艺部分国内内容分发（可选，根据实际需求补充）
IP-CIDR,101.227.0.0/16,no-resolve
IP-CIDR,101.224.0.0/13,no-resolve
IP-CIDR,101.80.0.0/12,no-resolve
IP-CIDR,223.87.0.0/16,no-resolve

# 投屏与合作方内容
DOMAIN-SUFFIX,ptqy.gitv.tv

# 乐视 Letv
DOMAIN-SUFFIX,api.mob.app.letv.com

# 网易云音乐 Netease Music
DOMAIN,apm.music.163.com
DOMAIN,apm3.music.163.com
DOMAIN,interface.music.163.com
DOMAIN,interface3.music.163.com
DOMAIN,music.163.com
IP-CIDR,101.71.154.241/32,no-resolve
IP-CIDR,103.126.92.132/32,no-resolve
IP-CIDR,103.126.92.133/32,no-resolve
IP-CIDR,112.13.119.17/32,no-resolve
IP-CIDR,112.13.122.1/32,no-resolve
IP-CIDR,115.236.118.33/32,no-resolve
IP-CIDR,115.236.121.1/32,no-resolve
IP-CIDR,118.24.63.156/32,no-resolve
IP-CIDR,193.112.159.225/32,no-resolve
IP-CIDR,223.252.199.66/32,no-resolve
IP-CIDR,223.252.199.67/32,no-resolve
IP-CIDR,39.105.63.80/32,no-resolve
IP-CIDR,45.254.48.1/32,no-resolve
IP-CIDR,47.100.127.239/32,no-resolve
IP-CIDR,59.111.160.195/32,no-resolve
IP-CIDR,59.111.160.197/32,no-resolve
IP-CIDR,59.111.181.35/32,no-resolve
IP-CIDR,59.111.181.38/32,no-resolve
IP-CIDR,59.111.181.60/32,no-resolve

# 优酷 Youku
DOMAIN-SUFFIX,youku.com
IP-CIDR,106.11.0.0/16,no-resolve

# WeTV
USER-AGENT,WeTV*
DOMAIN-SUFFIX,wetv.vip
DOMAIN-SUFFIX,wetvinfo.com

# 抖音系 Douyin/头条/西瓜视频
DOMAIN-SUFFIX,amemv.com
DOMAIN-SUFFIX,ixigua.com
DOMAIN-SUFFIX,ixiguavideo.com
DOMAIN-SUFFIX,pstatp.com
DOMAIN-SUFFIX,snssdk.com
DOMAIN-SUFFIX,toutiao.com